{"C:\\dev\\projects\\wevent\\index.js":{"path":"C:\\dev\\projects\\wevent\\index.js","s":{"1":1},"b":{},"f":{},"fnMap":{},"statementMap":{"1":{"start":{"line":1,"column":0},"end":{"line":1,"column":44}}},"branchMap":{}},"C:\\dev\\projects\\wevent\\src\\wevent.js":{"path":"C:\\dev\\projects\\wevent\\src\\wevent.js","s":{"1":1,"2":1,"3":70,"4":1,"5":69,"6":69,"7":20,"8":69,"9":1,"10":23,"11":23,"12":18,"13":18,"14":1,"15":1,"16":3,"17":3,"18":14,"19":15,"20":2,"21":2,"22":1,"23":25,"24":1,"25":24,"26":23,"27":23,"28":22,"29":23,"30":23,"31":1,"32":1,"33":8,"34":8,"35":1,"36":7,"37":7,"38":6,"39":6,"40":5,"41":6,"42":1,"43":7,"44":5,"45":1,"46":26,"47":26,"48":7,"49":19,"50":19,"51":19,"52":20,"53":20,"54":20,"55":19,"56":14,"57":15,"58":4,"59":1,"60":12,"61":12,"62":6,"63":6,"64":4,"65":4,"66":2,"67":1},"b":{"1":[1,69],"2":[20,49],"3":[69,34],"4":[1,3,14],"5":[1,24],"6":[22,1],"7":[1,7],"8":[6,1],"9":[5,1],"10":[6,6],"11":[5,2],"12":[7,19],"13":[6,6],"14":[4,2],"15":[3,1]},"f":{"1":70,"2":23,"3":25,"4":8,"5":26,"6":12},"fnMap":{"1":{"name":"_getEventListeners","line":12,"loc":{"start":{"line":12,"column":0},"end":{"line":12,"column":44}}},"2":{"name":"_emitEventListener","line":32,"loc":{"start":{"line":32,"column":0},"end":{"line":38,"column":17}}},"3":{"name":"on","line":74,"loc":{"start":{"line":74,"column":0},"end":{"line":74,"column":35}}},"4":{"name":"off","line":93,"loc":{"start":{"line":93,"column":0},"end":{"line":93,"column":36}}},"5":{"name":"emit","line":115,"loc":{"start":{"line":115,"column":0},"end":{"line":115,"column":22}}},"6":{"name":"getEventListenerCount","line":145,"loc":{"start":{"line":145,"column":0},"end":{"line":145,"column":54}}}},"statementMap":{"1":{"start":{"line":3,"column":0},"end":{"line":3,"column":35}},"2":{"start":{"line":12,"column":0},"end":{"line":19,"column":1}},"3":{"start":{"line":13,"column":2},"end":{"line":14,"column":77}},"4":{"start":{"line":14,"column":4},"end":{"line":14,"column":77}},"5":{"start":{"line":15,"column":2},"end":{"line":15,"column":48}},"6":{"start":{"line":16,"column":2},"end":{"line":17,"column":57}},"7":{"start":{"line":17,"column":4},"end":{"line":17,"column":57}},"8":{"start":{"line":18,"column":2},"end":{"line":18,"column":24}},"9":{"start":{"line":32,"column":0},"end":{"line":65,"column":1}},"10":{"start":{"line":39,"column":2},"end":{"line":64,"column":3}},"11":{"start":{"line":40,"column":4},"end":{"line":60,"column":37}},"12":{"start":{"line":42,"column":8},"end":{"line":42,"column":23}},"13":{"start":{"line":43,"column":8},"end":{"line":58,"column":9}},"14":{"start":{"line":45,"column":10},"end":{"line":45,"column":37}},"15":{"start":{"line":46,"column":10},"end":{"line":46,"column":16}},"16":{"start":{"line":48,"column":10},"end":{"line":55,"column":16}},"17":{"start":{"line":48,"column":34},"end":{"line":55,"column":11}},"18":{"start":{"line":57,"column":10},"end":{"line":57,"column":16}},"19":{"start":{"line":59,"column":8},"end":{"line":59,"column":30}},"20":{"start":{"line":60,"column":24},"end":{"line":60,"column":35}},"21":{"start":{"line":63,"column":4},"end":{"line":63,"column":16}},"22":{"start":{"line":74,"column":0},"end":{"line":83,"column":1}},"23":{"start":{"line":75,"column":2},"end":{"line":76,"column":65}},"24":{"start":{"line":76,"column":4},"end":{"line":76,"column":65}},"25":{"start":{"line":77,"column":2},"end":{"line":77,"column":58}},"26":{"start":{"line":78,"column":2},"end":{"line":78,"column":61}},"27":{"start":{"line":79,"column":2},"end":{"line":80,"column":73}},"28":{"start":{"line":80,"column":4},"end":{"line":80,"column":73}},"29":{"start":{"line":81,"column":2},"end":{"line":81,"column":29}},"30":{"start":{"line":82,"column":2},"end":{"line":82,"column":42}},"31":{"start":{"line":82,"column":15},"end":{"line":82,"column":41}},"32":{"start":{"line":93,"column":0},"end":{"line":107,"column":1}},"33":{"start":{"line":94,"column":2},"end":{"line":94,"column":59}},"34":{"start":{"line":95,"column":2},"end":{"line":95,"column":30}},"35":{"start":{"line":95,"column":23},"end":{"line":95,"column":30}},"36":{"start":{"line":96,"column":2},"end":{"line":96,"column":40}},"37":{"start":{"line":97,"column":2},"end":{"line":105,"column":3}},"38":{"start":{"line":98,"column":4},"end":{"line":98,"column":65}},"39":{"start":{"line":99,"column":4},"end":{"line":100,"column":43}},"40":{"start":{"line":100,"column":6},"end":{"line":100,"column":43}},"41":{"start":{"line":101,"column":4},"end":{"line":101,"column":56}},"42":{"start":{"line":104,"column":4},"end":{"line":104,"column":37}},"43":{"start":{"line":106,"column":2},"end":{"line":106,"column":61}},"44":{"start":{"line":106,"column":33},"end":{"line":106,"column":61}},"45":{"start":{"line":115,"column":0},"end":{"line":136,"column":1}},"46":{"start":{"line":116,"column":2},"end":{"line":116,"column":59}},"47":{"start":{"line":117,"column":2},"end":{"line":118,"column":30}},"48":{"start":{"line":118,"column":4},"end":{"line":118,"column":30}},"49":{"start":{"line":119,"column":2},"end":{"line":119,"column":22}},"50":{"start":{"line":120,"column":2},"end":{"line":120,"column":65}},"51":{"start":{"line":121,"column":2},"end":{"line":131,"column":5}},"52":{"start":{"line":122,"column":4},"end":{"line":130,"column":5}},"53":{"start":{"line":123,"column":6},"end":{"line":129,"column":25}},"54":{"start":{"line":123,"column":53},"end":{"line":129,"column":22}},"55":{"start":{"line":132,"column":2},"end":{"line":135,"column":5}},"56":{"start":{"line":132,"column":49},"end":{"line":133,"column":51}},"57":{"start":{"line":133,"column":29},"end":{"line":133,"column":47}},"58":{"start":{"line":134,"column":4},"end":{"line":134,"column":31}},"59":{"start":{"line":145,"column":0},"end":{"line":154,"column":1}},"60":{"start":{"line":146,"column":2},"end":{"line":146,"column":59}},"61":{"start":{"line":147,"column":2},"end":{"line":148,"column":13}},"62":{"start":{"line":148,"column":4},"end":{"line":148,"column":13}},"63":{"start":{"line":149,"column":2},"end":{"line":152,"column":3}},"64":{"start":{"line":150,"column":4},"end":{"line":150,"column":65}},"65":{"start":{"line":151,"column":4},"end":{"line":151,"column":61}},"66":{"start":{"line":153,"column":2},"end":{"line":153,"column":29}},"67":{"start":{"line":156,"column":0},"end":{"line":161,"column":2}}},"branchMap":{"1":{"line":13,"type":"if","locations":[{"start":{"line":13,"column":2},"end":{"line":13,"column":2}},{"start":{"line":13,"column":2},"end":{"line":13,"column":2}}]},"2":{"line":16,"type":"if","locations":[{"start":{"line":16,"column":2},"end":{"line":16,"column":2}},{"start":{"line":16,"column":2},"end":{"line":16,"column":2}}]},"3":{"line":16,"type":"binary-expr","locations":[{"start":{"line":16,"column":6},"end":{"line":16,"column":21}},{"start":{"line":16,"column":25},"end":{"line":16,"column":31}}]},"4":{"line":43,"type":"switch","locations":[{"start":{"line":44,"column":8},"end":{"line":46,"column":16}},{"start":{"line":47,"column":8},"end":{"line":55,"column":16}},{"start":{"line":56,"column":8},"end":{"line":57,"column":16}}]},"5":{"line":75,"type":"if","locations":[{"start":{"line":75,"column":2},"end":{"line":75,"column":2}},{"start":{"line":75,"column":2},"end":{"line":75,"column":2}}]},"6":{"line":79,"type":"if","locations":[{"start":{"line":79,"column":2},"end":{"line":79,"column":2}},{"start":{"line":79,"column":2},"end":{"line":79,"column":2}}]},"7":{"line":95,"type":"if","locations":[{"start":{"line":95,"column":2},"end":{"line":95,"column":2}},{"start":{"line":95,"column":2},"end":{"line":95,"column":2}}]},"8":{"line":97,"type":"if","locations":[{"start":{"line":97,"column":2},"end":{"line":97,"column":2}},{"start":{"line":97,"column":2},"end":{"line":97,"column":2}}]},"9":{"line":99,"type":"if","locations":[{"start":{"line":99,"column":4},"end":{"line":99,"column":4}},{"start":{"line":99,"column":4},"end":{"line":99,"column":4}}]},"10":{"line":99,"type":"binary-expr","locations":[{"start":{"line":99,"column":8},"end":{"line":99,"column":26}},{"start":{"line":99,"column":30},"end":{"line":99,"column":60}}]},"11":{"line":106,"type":"if","locations":[{"start":{"line":106,"column":2},"end":{"line":106,"column":2}},{"start":{"line":106,"column":2},"end":{"line":106,"column":2}}]},"12":{"line":117,"type":"if","locations":[{"start":{"line":117,"column":2},"end":{"line":117,"column":2}},{"start":{"line":117,"column":2},"end":{"line":117,"column":2}}]},"13":{"line":147,"type":"if","locations":[{"start":{"line":147,"column":2},"end":{"line":147,"column":2}},{"start":{"line":147,"column":2},"end":{"line":147,"column":2}}]},"14":{"line":149,"type":"if","locations":[{"start":{"line":149,"column":2},"end":{"line":149,"column":2}},{"start":{"line":149,"column":2},"end":{"line":149,"column":2}}]},"15":{"line":151,"type":"cond-expr","locations":[{"start":{"line":151,"column":32},"end":{"line":151,"column":56}},{"start":{"line":151,"column":59},"end":{"line":151,"column":60}}]}}}}