TN:
SF:C:\dev\projects\wevent\index.js
FNF:0
FNH:0
DA:1,1
LF:1
LH:1
BRF:0
BRH:0
end_of_record
TN:
SF:C:\dev\projects\wevent\src\wevent.js
FN:12,_getEventListeners
FN:32,_emitEventListener
FN:74,on
FN:93,off
FN:115,emit
FN:145,getEventListenerCount
FNF:6
FNH:6
FNDA:70,_getEventListeners
FNDA:23,_emitEventListener
FNDA:25,on
FNDA:8,off
FNDA:26,emit
FNDA:12,getEventListenerCount
DA:3,1
DA:12,1
DA:13,70
DA:14,1
DA:15,69
DA:16,69
DA:17,20
DA:18,69
DA:32,1
DA:39,23
DA:40,23
DA:42,18
DA:43,18
DA:45,1
DA:46,1
DA:48,3
DA:57,14
DA:59,15
DA:60,2
DA:63,2
DA:74,1
DA:75,25
DA:76,1
DA:77,24
DA:78,23
DA:79,23
DA:80,22
DA:81,23
DA:82,23
DA:93,1
DA:94,8
DA:95,8
DA:96,7
DA:97,7
DA:98,6
DA:99,6
DA:100,5
DA:101,6
DA:104,1
DA:106,7
DA:115,1
DA:116,26
DA:117,26
DA:118,7
DA:119,19
DA:120,19
DA:121,19
DA:122,20
DA:123,20
DA:132,19
DA:133,15
DA:134,4
DA:145,1
DA:146,12
DA:147,12
DA:148,6
DA:149,6
DA:150,4
DA:151,4
DA:153,2
DA:156,1
LF:61
LH:61
BRDA:13,1,0,1
BRDA:13,1,1,69
BRDA:16,2,0,20
BRDA:16,2,1,49
BRDA:16,3,0,69
BRDA:16,3,1,34
BRDA:43,4,0,1
BRDA:43,4,1,3
BRDA:43,4,2,14
BRDA:75,5,0,1
BRDA:75,5,1,24
BRDA:79,6,0,22
BRDA:79,6,1,1
BRDA:95,7,0,1
BRDA:95,7,1,7
BRDA:97,8,0,6
BRDA:97,8,1,1
BRDA:99,9,0,5
BRDA:99,9,1,1
BRDA:99,10,0,6
BRDA:99,10,1,6
BRDA:106,11,0,5
BRDA:106,11,1,2
BRDA:117,12,0,7
BRDA:117,12,1,19
BRDA:147,13,0,6
BRDA:147,13,1,6
BRDA:149,14,0,4
BRDA:149,14,1,2
BRDA:151,15,0,3
BRDA:151,15,1,1
BRF:31
BRH:31
end_of_record
